Arguments: 
  D:\language\node\node.exe D:\language\node\npm_global\node_modules\yarn\bin\yarn.js add @rollup/plugin-commonjs -D

PATH: 
  C:\Program Files (x86)\Common Files\Oracle\Java\javapath;C:\WINDOWS\system32;C:\WINDOWS;C:\WINDOWS\System32\Wbem;C:\WINDOWS\System32\WindowsPowerShell\v1.0\;C:\WINDOWS\System32\OpenSSH\;D:\software\TortoiseSVN\bin;D:\software\Git\cmd;D:\language\flutter\bin;D:\sdk\tools\bin;D:\sdk;D:\software\Git\bin;C:\ProgramData\chocolatey\bin;D:\software\cmder;D:\language\node\npm_global\node_modules\yarn\bin;D:\vs\ide\VC\Tools\MSVC\14.27.29110\bin\Hostx64\x64;D:\software\TortoiseGit\bin;D:\language\node\npm_global\;D:\language\node\;C:\Users\Administrator\.cargo\bin;C:\Users\Administrator\AppData\Local\Microsoft\WindowsApps;D:\ide\Microsoft VS Code\bin;D:\software\Fiddler;C:\Users\Administrator\.deno\bin;C:\Users\Administrator\AppData\Local\Microsoft\WindowsApps;C:\Users\Administrator\AppData\Roaming\npm

Yarn version: 
  1.22.4

Node version: 
  12.18.4

Platform: 
  win32 x64

Trace: 
  Error: EPERM: operation not permitted, unlink 'D:\profile\node\pika\node_modules\class-utils\node_modules\define-property'

npm manifest: 
  {
    "name": "pika",
    "version": "1.0.0",
    "description": "",
    "main": "index.js",
    "scripts": {
      "start": "tsc --emitDeclarationOnly && rollup -w -c",
      "test": "jest",
      "lint": "eslint . --ext .ts --fix"
    },
    "repository": {
      "type": "git",
      "url": "git+https://github.com/SuZHui/pika.git"
    },
    "keywords": [],
    "author": "",
    "license": "ISC",
    "bugs": {
      "url": "https://github.com/SuZHui/pika/issues"
    },
    "homepage": "https://github.com/SuZHui/pika#readme",
    "devDependencies": {
      "@babel/core": "^7.11.6",
      "@babel/preset-env": "^7.11.5",
      "@babel/preset-typescript": "^7.10.4",
      "@rollup/plugin-node-resolve": "^9.0.0",
      "@types/jest": "^26.0.14",
      "@typescript-eslint/eslint-plugin": "^4.2.0",
      "@typescript-eslint/parser": "^4.2.0",
      "babel-jest": "^26.3.0",
      "eslint": "^7.9.0",
      "jest": "^26.4.2",
      "rollup": "^2.28.1",
      "rollup-plugin-dts": "^1.4.13",
      "rollup-plugin-typescript2": "^0.27.2",
      "ts-jest": "^26.4.0",
      "typescript": "^4.0.3"
    },
    "dependencies": {
      "rxjs": "^6.6.3",
      "tslib": "^2.0.1"
    }
  }

yarn manifest: 
  No manifest

Lockfile: 
  No lockfile
